<?xml version="1.0" encoding="UTF-8"?>
<!-- Generated by org.testng.reporters.JUnitReportReporter -->
<testsuite hostname="Mithun-PC" failures="0" tests="2" name="runner.TestRunner" time="66.739" errors="0" timestamp="12 Apr 2018 22:05:41 GMT" skipped="0">
  <testcase classname="runner.TestRunner" name="feature" time="38.140"/>
  <testcase classname="runner.TestRunner" name="feature" time="28.599"/>
</testsuite> <!-- runner.TestRunner -->
